[    66.910] 
X.Org X Server 1.21.1.4
X Protocol Version 11, Revision 0
[    66.915] Current Operating System: Linux izza 5.15.0-69-generic #76-Ubuntu SMP Fri Mar 17 17:19:29 UTC 2023 x86_64
[    66.915] Kernel command line: BOOT_IMAGE=/boot/vmlinuz-5.15.0-69-generic root=UUID=a59f812f-e645-4468-b12f-d8556c7e8350 ro
[    66.920] xorg-server 2:21.1.4-2ubuntu1.7~22.04.1 (For technical support please see http://www.ubuntu.com/support) 
[    66.922] Current version of pixman: 0.40.0
[    66.927] 	Before reporting problems, check http://wiki.x.org
	to make sure that you have the latest version.
[    66.927] Markers: (--) probed, (**) from config file, (==) default setting,
	(++) from command line, (!!) notice, (II) informational,
	(WW) warning, (EE) error, (NI) not implemented, (??) unknown.
[    66.936] (==) Log file: "/home/izza/.local/share/xorg/Xorg.0.log", Time: Fri Jun  2 22:05:48 2023
[    66.940] (==) Using system config directory "/usr/share/X11/xorg.conf.d"
[    66.941] (==) No Layout section.  Using the first Screen section.
[    66.941] (==) No screen section available. Using defaults.
[    66.941] (**) |-->Screen "Default Screen Section" (0)
[    66.941] (**) |   |-->Monitor "<default monitor>"
[    66.942] (==) No monitor specified for screen "Default Screen Section".
	Using a default monitor configuration.
[    66.942] (==) Automatically adding devices
[    66.942] (==) Automatically enabling devices
[    66.942] (==) Automatically adding GPU devices
[    66.942] (==) Automatically binding GPU devices
[    66.942] (==) Max clients allowed: 256, resource mask: 0x1fffff
[    66.943] (WW) The directory "/usr/share/fonts/X11/cyrillic" does not exist.
[    66.943] 	Entry deleted from font path.
[    66.943] (WW) The directory "/usr/share/fonts/X11/100dpi/" does not exist.
[    66.943] 	Entry deleted from font path.
[    66.943] (WW) The directory "/usr/share/fonts/X11/75dpi/" does not exist.
[    66.943] 	Entry deleted from font path.
[    66.943] (WW) The directory "/usr/share/fonts/X11/100dpi" does not exist.
[    66.943] 	Entry deleted from font path.
[    66.943] (WW) The directory "/usr/share/fonts/X11/75dpi" does not exist.
[    66.943] 	Entry deleted from font path.
[    66.943] (==) FontPath set to:
	/usr/share/fonts/X11/misc,
	/usr/share/fonts/X11/Type1,
	built-ins
[    66.943] (==) ModulePath set to "/usr/lib/xorg/modules"
[    66.943] (II) The server relies on udev to provide the list of input devices.
	If no devices become available, reconfigure udev or disable AutoAddDevices.
[    66.943] (II) Loader magic: 0x5616b8053020
[    66.943] (II) Module ABI versions:
[    66.943] 	X.Org ANSI C Emulation: 0.4
[    66.943] 	X.Org Video Driver: 25.2
[    66.943] 	X.Org XInput driver : 24.4
[    66.943] 	X.Org Server Extension : 10.0
[    66.944] (++) using VT number 1

[    66.949] (II) systemd-logind: took control of session /org/freedesktop/login1/session/_31
[    66.950] (II) xfree86: Adding drm device (/dev/dri/card0)
[    66.950] (II) Platform probe for /sys/devices/pci0000:00/0000:00:02.0/drm/card0
[    66.952] (II) systemd-logind: got fd for /dev/dri/card0 226:0 fd 13 paused 0
[    66.957] (--) PCI:*(0@0:2:0) 8086:5a85:17aa:39fd rev 11, Mem @ 0x90000000/16777216, 0x80000000/268435456, I/O @ 0x00001000/64, BIOS @ 0x????????/131072
[    66.957] (II) LoadModule: "glx"
[    66.958] (II) Loading /usr/lib/xorg/modules/extensions/libglx.so
[    66.967] (II) Module glx: vendor="X.Org Foundation"
[    66.967] 	compiled for 1.21.1.4, module version = 1.0.0
[    66.967] 	ABI class: X.Org Server Extension, version 10.0
[    66.967] (==) Matched modesetting as autoconfigured driver 0
[    66.967] (==) Matched fbdev as autoconfigured driver 1
[    66.967] (==) Matched vesa as autoconfigured driver 2
[    66.967] (==) Assigned the driver to the xf86ConfigLayout
[    66.967] (II) LoadModule: "modesetting"
[    66.968] (II) Loading /usr/lib/xorg/modules/drivers/modesetting_drv.so
[    66.970] (II) Module modesetting: vendor="X.Org Foundation"
[    66.970] 	compiled for 1.21.1.4, module version = 1.21.1
[    66.970] 	Module class: X.Org Video Driver
[    66.970] 	ABI class: X.Org Video Driver, version 25.2
[    66.970] (II) LoadModule: "fbdev"
[    66.970] (II) Loading /usr/lib/xorg/modules/drivers/fbdev_drv.so
[    66.971] (II) Module fbdev: vendor="X.Org Foundation"
[    66.971] 	compiled for 1.21.1.3, module version = 0.5.0
[    66.971] 	Module class: X.Org Video Driver
[    66.971] 	ABI class: X.Org Video Driver, version 25.2
[    66.971] (II) LoadModule: "vesa"
[    66.971] (II) Loading /usr/lib/xorg/modules/drivers/vesa_drv.so
[    66.971] (II) Module vesa: vendor="X.Org Foundation"
[    66.971] 	compiled for 1.21.1.3, module version = 2.5.0
[    66.971] 	Module class: X.Org Video Driver
[    66.971] 	ABI class: X.Org Video Driver, version 25.2
[    66.972] (II) modesetting: Driver for Modesetting Kernel Drivers: kms
[    66.972] (II) FBDEV: driver for framebuffer: fbdev
[    66.972] (II) VESA: driver for VESA chipsets: vesa
[    66.972] xf86EnableIO: failed to enable I/O ports 0000-03ff (Operation not permitted)
[    66.972] (II) modeset(0): using drv /dev/dri/card0
[    66.972] (WW) Falling back to old probe method for fbdev
[    66.972] (II) Loading sub module "fbdevhw"
[    66.972] (II) LoadModule: "fbdevhw"
[    66.972] (II) Loading /usr/lib/xorg/modules/libfbdevhw.so
[    66.973] (II) Module fbdevhw: vendor="X.Org Foundation"
[    66.973] 	compiled for 1.21.1.4, module version = 0.0.2
[    66.973] 	ABI class: X.Org Video Driver, version 25.2
[    66.973] (WW) VGA arbiter: cannot open kernel arbiter, no multi-card support
[    66.973] (II) modeset(0): Creating default Display subsection in Screen section
	"Default Screen Section" for depth/fbbpp 24/32
[    66.973] (==) modeset(0): Depth 24, (==) framebuffer bpp 32
[    66.973] (==) modeset(0): RGB weight 888
[    66.973] (==) modeset(0): Default visual is TrueColor
[    66.973] (II) Loading sub module "glamoregl"
[    66.973] (II) LoadModule: "glamoregl"
[    66.973] (II) Loading /usr/lib/xorg/modules/libglamoregl.so
[    66.986] (II) Module glamoregl: vendor="X.Org Foundation"
[    66.986] 	compiled for 1.21.1.4, module version = 1.0.1
[    66.986] 	ABI class: X.Org ANSI C Emulation, version 0.4
[    67.380] (II) modeset(0): glamor X acceleration enabled on Mesa Intel(R) HD Graphics 500 (APL 2)
[    67.380] (II) modeset(0): glamor initialized
[    67.380] (==) modeset(0): VariableRefresh: disabled
[    67.380] (==) modeset(0): AsyncFlipSecondaries: disabled
[    67.382] (II) modeset(0): Output eDP-1 has no monitor section
[    67.383] (II) modeset(0): Output HDMI-1 has no monitor section
[    67.385] (II) modeset(0): EDID for output eDP-1
[    67.385] (II) modeset(0): Manufacturer: BOE  Model: 6bd  Serial#: 0
[    67.385] (II) modeset(0): Year: 2016  Week: 1
[    67.385] (II) modeset(0): EDID Version: 1.4
[    67.385] (II) modeset(0): Digital Display Input
[    67.385] (II) modeset(0): 6 bits per channel
[    67.385] (II) modeset(0): Digital interface is DisplayPort
[    67.385] (II) modeset(0): Max Image Size [cm]: horiz.: 31  vert.: 17
[    67.385] (II) modeset(0): Gamma: 2.20
[    67.385] (II) modeset(0): No DPMS capabilities specified
[    67.385] (II) modeset(0): Supported color encodings: RGB 4:4:4 
[    67.385] (II) modeset(0): First detailed timing is preferred mode
[    67.385] (II) modeset(0): Preferred mode is native pixel format and refresh rate
[    67.385] (II) modeset(0): redX: 0.590 redY: 0.350   greenX: 0.329 greenY: 0.555
[    67.385] (II) modeset(0): blueX: 0.152 blueY: 0.118   whiteX: 0.312 whiteY: 0.328
[    67.385] (II) modeset(0): Manufacturer's mask: 0
[    67.385] (II) modeset(0): Supported detailed timing:
[    67.385] (II) modeset(0): clock: 72.3 MHz   Image Size:  309 x 173 mm
[    67.385] (II) modeset(0): h_active: 1366  h_sync: 1414  h_sync_end 1446 h_blank_end 1526 h_border: 0
[    67.385] (II) modeset(0): v_active: 768  v_sync: 771  v_sync_end 777 v_blanking: 790 v_border: 0
[    67.385] (II) modeset(0):  BOE CQ
[    67.385] (II) modeset(0):  NT140WHM-N41
[    67.385] (II) modeset(0): EDID (in hex):
[    67.385] (II) modeset(0): 	00ffffffffffff0009e5bd0600000000
[    67.385] (II) modeset(0): 	011a0104951f11780224109759548e27
[    67.385] (II) modeset(0): 	1e505400000001010101010101010101
[    67.385] (II) modeset(0): 	0101010101013e1c56a0500016303020
[    67.385] (II) modeset(0): 	360035ad1000001a0000000000000000
[    67.385] (II) modeset(0): 	00000000000000000000000000fe0042
[    67.385] (II) modeset(0): 	4f452043510a202020202020000000fe
[    67.385] (II) modeset(0): 	004e5431343057484d2d4e34310a0022
[    67.386] (II) modeset(0): Printing probed modes for output eDP-1
[    67.386] (II) modeset(0): Modeline "1366x768"x60.0   72.30  1366 1414 1446 1526  768 771 777 790 +hsync -vsync (47.4 kHz eP)
[    67.386] (II) modeset(0): Modeline "1280x720"x60.0   63.99  1280 1328 1360 1440  720 723 728 741 +hsync -vsync (44.4 kHz d)
[    67.386] (II) modeset(0): Modeline "1024x768"x60.0   64.97  1024 1048 1184 1344  768 771 777 806 -hsync -vsync (48.3 kHz d)
[    67.386] (II) modeset(0): Modeline "960x720"x60.0  116.95  960 1024 1128 1300  720 720 722 750 doublescan -hsync +vsync (90.0 kHz d)
[    67.386] (II) modeset(0): Modeline "928x696"x60.0  109.01  928 976 1088 1264  696 696 698 719 doublescan -hsync +vsync (86.2 kHz d)
[    67.386] (II) modeset(0): Modeline "896x672"x60.0  102.33  896 960 1060 1224  672 672 674 697 doublescan -hsync +vsync (83.6 kHz d)
[    67.386] (II) modeset(0): Modeline "1024x576"x60.0   42.11  1024 1072 1104 1184  576 579 584 593 +hsync -vsync (35.6 kHz d)
[    67.386] (II) modeset(0): Modeline "960x600"x60.0   76.97  960 984 1000 1040  600 601 604 617 doublescan +hsync -vsync (74.0 kHz d)
[    67.386] (II) modeset(0): Modeline "960x540"x60.0   37.35  960 1008 1040 1120  540 543 548 556 +hsync -vsync (33.3 kHz d)
[    67.386] (II) modeset(0): Modeline "800x600"x60.0   38.38  800 824 896 1024  600 601 603 625 +hsync +vsync (37.5 kHz d)
[    67.386] (II) modeset(0): Modeline "840x525"x60.0   59.59  840 864 880 920  525 526 529 540 doublescan +hsync -vsync (64.8 kHz d)
[    67.386] (II) modeset(0): Modeline "864x486"x60.0   30.71  864 912 944 1024  486 489 494 500 +hsync -vsync (30.0 kHz d)
[    67.386] (II) modeset(0): Modeline "700x525"x60.0   61.00  700 744 820 940  525 526 532 541 doublescan +hsync +vsync (64.9 kHz d)
[    67.386] (II) modeset(0): Modeline "800x450"x60.0   48.87  800 824 840 880  450 451 454 463 doublescan +hsync -vsync (55.5 kHz d)
[    67.386] (II) modeset(0): Modeline "640x512"x60.0   53.96  640 664 720 844  512 512 514 533 doublescan +hsync +vsync (63.9 kHz d)
[    67.386] (II) modeset(0): Modeline "700x450"x60.0   43.32  700 724 740 780  450 451 456 463 doublescan +hsync -vsync (55.5 kHz d)
[    67.386] (II) modeset(0): Modeline "640x480"x60.0   25.19  640 656 752 800  480 490 492 525 -hsync -vsync (31.5 kHz d)
[    67.386] (II) modeset(0): Modeline "720x405"x60.0   22.11  720 768 800 880  405 408 413 419 +hsync -vsync (25.1 kHz d)
[    67.386] (II) modeset(0): Modeline "684x384"x60.0   36.20  684 708 724 764  384 385 390 395 doublescan +hsync -vsync (47.4 kHz d)
[    67.386] (II) modeset(0): Modeline "640x360"x60.0   17.94  640 688 720 800  360 363 368 374 +hsync -vsync (22.4 kHz d)
[    67.386] (II) modeset(0): Modeline "512x384"x60.0   32.48  512 524 592 672  384 385 388 403 doublescan -hsync -vsync (48.3 kHz d)
[    67.386] (II) modeset(0): Modeline "512x288"x60.0   21.02  512 536 552 592  288 289 292 296 doublescan +hsync -vsync (35.5 kHz d)
[    67.386] (II) modeset(0): Modeline "480x270"x60.0   18.67  480 504 520 560  270 271 274 278 doublescan +hsync -vsync (33.3 kHz d)
[    67.386] (II) modeset(0): Modeline "400x300"x60.0   19.16  400 412 448 512  300 300 301 312 doublescan +hsync +vsync (37.4 kHz d)
[    67.386] (II) modeset(0): Modeline "432x243"x60.0   15.35  432 456 472 512  243 244 247 250 doublescan +hsync -vsync (30.0 kHz d)
[    67.386] (II) modeset(0): Modeline "320x240"x60.0   12.57  320 328 376 400  240 245 246 262 doublescan -hsync -vsync (31.4 kHz d)
[    67.386] (II) modeset(0): Modeline "360x202"x60.0   11.03  360 384 400 440  202 204 206 209 doublescan +hsync -vsync (25.1 kHz d)
[    67.386] (II) modeset(0): Modeline "320x180"x60.0    8.97  320 344 360 400  180 181 184 187 doublescan +hsync -vsync (22.4 kHz d)
[    67.387] (II) modeset(0): EDID for output HDMI-1
[    67.387] (II) modeset(0): Output eDP-1 connected
[    67.387] (II) modeset(0): Output HDMI-1 disconnected
[    67.387] (II) modeset(0): Using exact sizes for initial modes
[    67.387] (II) modeset(0): Output eDP-1 using initial mode 1366x768 +0+0
[    67.387] (==) modeset(0): Using gamma correction (1.0, 1.0, 1.0)
[    67.387] (==) modeset(0): DPI set to (96, 96)
[    67.387] (II) Loading sub module "fb"
[    67.388] (II) LoadModule: "fb"
[    67.388] (II) Module "fb" already built-in
[    67.388] (II) UnloadModule: "fbdev"
[    67.388] (II) Unloading fbdev
[    67.388] (II) UnloadSubModule: "fbdevhw"
[    67.388] (II) Unloading fbdevhw
[    67.388] (II) UnloadModule: "vesa"
[    67.388] (II) Unloading vesa
[    67.425] (==) modeset(0): Backing store enabled
[    67.425] (==) modeset(0): Silken mouse enabled
[    67.504] (II) modeset(0): Initializing kms color map for depth 24, 8 bpc.
[    67.504] (==) modeset(0): DPMS enabled
[    67.504] (II) modeset(0): [DRI2] Setup complete
[    67.504] (II) modeset(0): [DRI2]   DRI driver: iris
[    67.504] (II) modeset(0): [DRI2]   VDPAU driver: va_gl
[    67.504] (II) Initializing extension Generic Event Extension
[    67.504] (II) Initializing extension SHAPE
[    67.504] (II) Initializing extension MIT-SHM
[    67.505] (II) Initializing extension XInputExtension
[    67.508] (II) Initializing extension XTEST
[    67.508] (II) Initializing extension BIG-REQUESTS
[    67.509] (II) Initializing extension SYNC
[    67.509] (II) Initializing extension XKEYBOARD
[    67.510] (II) Initializing extension XC-MISC
[    67.510] (II) Initializing extension SECURITY
[    67.510] (II) Initializing extension XFIXES
[    67.511] (II) Initializing extension RENDER
[    67.511] (II) Initializing extension RANDR
[    67.512] (II) Initializing extension COMPOSITE
[    67.512] (II) Initializing extension DAMAGE
[    67.513] (II) Initializing extension MIT-SCREEN-SAVER
[    67.513] (II) Initializing extension DOUBLE-BUFFER
[    67.514] (II) Initializing extension RECORD
[    67.514] (II) Initializing extension DPMS
[    67.514] (II) Initializing extension Present
[    67.515] (II) Initializing extension DRI3
[    67.515] (II) Initializing extension X-Resource
[    67.515] (II) Initializing extension XVideo
[    67.516] (II) Initializing extension XVideo-MotionCompensation
[    67.516] (II) Initializing extension SELinux
[    67.516] (II) SELinux: Disabled on system
[    67.516] (II) Initializing extension GLX
[    67.542] (II) AIGLX: Loaded and initialized iris
[    67.543] (II) GLX: Initialized DRI2 GL provider for screen 0
[    67.543] (II) Initializing extension XFree86-VidModeExtension
[    67.543] (II) Initializing extension XFree86-DGA
[    67.543] (II) Initializing extension XFree86-DRI
[    67.543] (II) Initializing extension DRI2
[    67.544] (II) modeset(0): Damage tracking initialized
[    67.544] (II) modeset(0): Setting screen physical size to 361 x 203
[    67.638] (II) config/udev: Adding input device Power Button (/dev/input/event2)
[    67.638] (**) Power Button: Applying InputClass "libinput keyboard catchall"
[    67.638] (II) LoadModule: "libinput"
[    67.638] (II) Loading /usr/lib/xorg/modules/input/libinput_drv.so
[    67.643] (II) Module libinput: vendor="X.Org Foundation"
[    67.643] 	compiled for 1.20.14, module version = 1.2.1
[    67.643] 	Module class: X.Org XInput Driver
[    67.643] 	ABI class: X.Org XInput driver, version 24.1
[    67.643] (II) Using input driver 'libinput' for 'Power Button'
[    67.645] (II) systemd-logind: got fd for /dev/input/event2 13:66 fd 27 paused 0
[    67.646] (**) Power Button: always reports core events
[    67.646] (**) Option "Device" "/dev/input/event2"
[    67.656] (II) event2  - Power Button: is tagged by udev as: Keyboard
[    67.656] (II) event2  - Power Button: device is a keyboard
[    67.656] (II) event2  - Power Button: device removed
[    67.657] (**) Option "config_info" "udev:/sys/devices/LNXSYSTM:00/LNXPWRBN:00/input/input2/event2"
[    67.657] (II) XINPUT: Adding extended input device "Power Button" (type: KEYBOARD, id 6)
[    67.657] (**) Option "xkb_model" "pc105"
[    67.657] (**) Option "xkb_layout" "us"
[    67.658] (II) event2  - Power Button: is tagged by udev as: Keyboard
[    67.658] (II) event2  - Power Button: device is a keyboard
[    67.659] (II) config/udev: Adding input device Video Bus (/dev/input/event6)
[    67.660] (**) Video Bus: Applying InputClass "libinput keyboard catchall"
[    67.660] (II) Using input driver 'libinput' for 'Video Bus'
[    67.662] (II) systemd-logind: got fd for /dev/input/event6 13:70 fd 30 paused 0
[    67.662] (**) Video Bus: always reports core events
[    67.662] (**) Option "Device" "/dev/input/event6"
[    67.664] (II) event6  - Video Bus: is tagged by udev as: Keyboard
[    67.664] (II) event6  - Video Bus: device is a keyboard
[    67.664] (II) event6  - Video Bus: device removed
[    67.664] (**) Option "config_info" "udev:/sys/devices/LNXSYSTM:00/LNXSYBUS:00/PNP0A08:00/LNXVIDEO:00/input/input7/event6"
[    67.664] (II) XINPUT: Adding extended input device "Video Bus" (type: KEYBOARD, id 7)
[    67.664] (**) Option "xkb_model" "pc105"
[    67.664] (**) Option "xkb_layout" "us"
[    67.666] (II) event6  - Video Bus: is tagged by udev as: Keyboard
[    67.666] (II) event6  - Video Bus: device is a keyboard
[    67.667] (II) config/udev: Adding input device Lid Switch (/dev/input/event0)
[    67.667] (II) No input driver specified, ignoring this device.
[    67.667] (II) This device may have been added with another device file.
[    67.668] (II) config/udev: Adding input device Power Button (/dev/input/event1)
[    67.668] (**) Power Button: Applying InputClass "libinput keyboard catchall"
[    67.668] (II) Using input driver 'libinput' for 'Power Button'
[    67.671] (II) systemd-logind: got fd for /dev/input/event1 13:65 fd 31 paused 0
[    67.671] (**) Power Button: always reports core events
[    67.671] (**) Option "Device" "/dev/input/event1"
[    67.673] (II) event1  - Power Button: is tagged by udev as: Keyboard
[    67.673] (II) event1  - Power Button: device is a keyboard
[    67.673] (II) event1  - Power Button: device removed
[    67.673] (**) Option "config_info" "udev:/sys/devices/LNXSYSTM:00/LNXSYBUS:00/PNP0C0C:00/input/input1/event1"
[    67.673] (II) XINPUT: Adding extended input device "Power Button" (type: KEYBOARD, id 8)
[    67.673] (**) Option "xkb_model" "pc105"
[    67.673] (**) Option "xkb_layout" "us"
[    67.675] (II) event1  - Power Button: is tagged by udev as: Keyboard
[    67.675] (II) event1  - Power Button: device is a keyboard
[    67.676] (II) config/udev: Adding input device HDA Intel PCH Headphone (/dev/input/event5)
[    67.676] (II) No input driver specified, ignoring this device.
[    67.676] (II) This device may have been added with another device file.
[    67.677] (II) config/udev: Adding input device HDA Intel PCH HDMI/DP,pcm=3 (/dev/input/event8)
[    67.677] (II) No input driver specified, ignoring this device.
[    67.677] (II) This device may have been added with another device file.
[    67.678] (II) config/udev: Adding input device HDA Intel PCH HDMI/DP,pcm=7 (/dev/input/event9)
[    67.678] (II) No input driver specified, ignoring this device.
[    67.678] (II) This device may have been added with another device file.
[    67.678] (II) config/udev: Adding input device HDA Intel PCH HDMI/DP,pcm=8 (/dev/input/event10)
[    67.678] (II) No input driver specified, ignoring this device.
[    67.678] (II) This device may have been added with another device file.
[    67.679] (II) config/udev: Adding input device HDA Intel PCH HDMI/DP,pcm=9 (/dev/input/event11)
[    67.679] (II) No input driver specified, ignoring this device.
[    67.679] (II) This device may have been added with another device file.
[    67.680] (II) config/udev: Adding input device HDA Intel PCH HDMI/DP,pcm=10 (/dev/input/event14)
[    67.680] (II) No input driver specified, ignoring this device.
[    67.680] (II) This device may have been added with another device file.
[    67.680] (II) config/udev: Adding input device HDA Intel PCH Mic (/dev/input/event4)
[    67.680] (II) No input driver specified, ignoring this device.
[    67.680] (II) This device may have been added with another device file.
[    67.681] (II) config/udev: Adding input device EasyCamera: EasyCamera (/dev/input/event15)
[    67.682] (**) EasyCamera: EasyCamera: Applying InputClass "libinput keyboard catchall"
[    67.682] (II) Using input driver 'libinput' for 'EasyCamera: EasyCamera'
[    67.685] (II) systemd-logind: got fd for /dev/input/event15 13:79 fd 32 paused 0
[    67.685] (**) EasyCamera: EasyCamera: always reports core events
[    67.685] (**) Option "Device" "/dev/input/event15"
[    67.687] (II) event15 - EasyCamera: EasyCamera: is tagged by udev as: Keyboard
[    67.687] (II) event15 - EasyCamera: EasyCamera: device is a keyboard
[    67.687] (II) event15 - EasyCamera: EasyCamera: device removed
[    67.687] (**) Option "config_info" "udev:/sys/devices/pci0000:00/0000:00:15.0/usb1/1-8/1-8:1.0/input/input19/event15"
[    67.687] (II) XINPUT: Adding extended input device "EasyCamera: EasyCamera" (type: KEYBOARD, id 9)
[    67.687] (**) Option "xkb_model" "pc105"
[    67.687] (**) Option "xkb_layout" "us"
[    67.690] (II) event15 - EasyCamera: EasyCamera: is tagged by udev as: Keyboard
[    67.690] (II) event15 - EasyCamera: EasyCamera: device is a keyboard
[    67.691] (II) config/udev: Adding input device ELAN060F:00 04F3:3081 Mouse (/dev/input/event12)
[    67.691] (**) ELAN060F:00 04F3:3081 Mouse: Applying InputClass "libinput pointer catchall"
[    67.691] (II) Using input driver 'libinput' for 'ELAN060F:00 04F3:3081 Mouse'
[    67.694] (II) systemd-logind: got fd for /dev/input/event12 13:76 fd 33 paused 0
[    67.694] (**) ELAN060F:00 04F3:3081 Mouse: always reports core events
[    67.694] (**) Option "Device" "/dev/input/event12"
[    67.697] (II) event12 - ELAN060F:00 04F3:3081 Mouse: is tagged by udev as: Mouse Pointingstick
[    67.698] (II) event12 - ELAN060F:00 04F3:3081 Mouse: device is a pointer
[    67.699] (II) event12 - ELAN060F:00 04F3:3081 Mouse: device removed
[    67.699] (**) Option "config_info" "udev:/sys/devices/pci0000:00/0000:00:16.2/i2c_designware.1/i2c-2/i2c-ELAN060F:00/0018:04F3:3081.0001/input/input16/event12"
[    67.699] (II) XINPUT: Adding extended input device "ELAN060F:00 04F3:3081 Mouse" (type: MOUSE, id 10)
[    67.699] (**) Option "AccelerationScheme" "none"
[    67.699] (**) ELAN060F:00 04F3:3081 Mouse: (accel) selected scheme none/0
[    67.699] (**) ELAN060F:00 04F3:3081 Mouse: (accel) acceleration factor: 2.000
[    67.699] (**) ELAN060F:00 04F3:3081 Mouse: (accel) acceleration threshold: 4
[    67.701] (II) event12 - ELAN060F:00 04F3:3081 Mouse: is tagged by udev as: Mouse Pointingstick
[    67.702] (II) event12 - ELAN060F:00 04F3:3081 Mouse: device is a pointer
[    67.704] (II) config/udev: Adding input device ELAN060F:00 04F3:3081 Mouse (/dev/input/mouse0)
[    67.704] (II) No input driver specified, ignoring this device.
[    67.704] (II) This device may have been added with another device file.
[    67.705] (II) config/udev: Adding input device ELAN060F:00 04F3:3081 Touchpad (/dev/input/event13)
[    67.705] (**) ELAN060F:00 04F3:3081 Touchpad: Applying InputClass "libinput touchpad catchall"
[    67.705] (II) Using input driver 'libinput' for 'ELAN060F:00 04F3:3081 Touchpad'
[    67.708] (II) systemd-logind: got fd for /dev/input/event13 13:77 fd 34 paused 0
[    67.708] (**) ELAN060F:00 04F3:3081 Touchpad: always reports core events
[    67.708] (**) Option "Device" "/dev/input/event13"
[    67.710] (II) event13 - ELAN060F:00 04F3:3081 Touchpad: is tagged by udev as: Touchpad
[    67.713] (II) event13 - ELAN060F:00 04F3:3081 Touchpad: device is a touchpad
[    67.714] (II) event13 - ELAN060F:00 04F3:3081 Touchpad: device removed
[    67.714] (**) Option "config_info" "udev:/sys/devices/pci0000:00/0000:00:16.2/i2c_designware.1/i2c-2/i2c-ELAN060F:00/0018:04F3:3081.0001/input/input18/event13"
[    67.714] (II) XINPUT: Adding extended input device "ELAN060F:00 04F3:3081 Touchpad" (type: TOUCHPAD, id 11)
[    67.717] (**) Option "AccelerationScheme" "none"
[    67.717] (**) ELAN060F:00 04F3:3081 Touchpad: (accel) selected scheme none/0
[    67.717] (**) ELAN060F:00 04F3:3081 Touchpad: (accel) acceleration factor: 2.000
[    67.717] (**) ELAN060F:00 04F3:3081 Touchpad: (accel) acceleration threshold: 4
[    67.719] (II) event13 - ELAN060F:00 04F3:3081 Touchpad: is tagged by udev as: Touchpad
[    67.722] (II) event13 - ELAN060F:00 04F3:3081 Touchpad: device is a touchpad
[    67.724] (II) config/udev: Adding input device ELAN060F:00 04F3:3081 Touchpad (/dev/input/mouse1)
[    67.724] (II) No input driver specified, ignoring this device.
[    67.724] (II) This device may have been added with another device file.
[    67.725] (II) config/udev: Adding input device Ideapad extra buttons (/dev/input/event7)
[    67.725] (**) Ideapad extra buttons: Applying InputClass "libinput keyboard catchall"
[    67.725] (II) Using input driver 'libinput' for 'Ideapad extra buttons'
[    67.728] (II) systemd-logind: got fd for /dev/input/event7 13:71 fd 35 paused 0
[    67.728] (**) Ideapad extra buttons: always reports core events
[    67.728] (**) Option "Device" "/dev/input/event7"
[    67.730] (II) event7  - Ideapad extra buttons: is tagged by udev as: Keyboard
[    67.730] (II) event7  - Ideapad extra buttons: device is a keyboard
[    67.731] (II) event7  - Ideapad extra buttons: device removed
[    67.731] (**) Option "config_info" "udev:/sys/devices/pci0000:00/0000:00:1f.0/PNP0C09:00/VPC2004:00/input/input8/event7"
[    67.731] (II) XINPUT: Adding extended input device "Ideapad extra buttons" (type: KEYBOARD, id 12)
[    67.731] (**) Option "xkb_model" "pc105"
[    67.731] (**) Option "xkb_layout" "us"
[    67.733] (II) event7  - Ideapad extra buttons: is tagged by udev as: Keyboard
[    67.733] (II) event7  - Ideapad extra buttons: device is a keyboard
[    67.734] (II) config/udev: Adding input device AT Translated Set 2 keyboard (/dev/input/event3)
[    67.734] (**) AT Translated Set 2 keyboard: Applying InputClass "libinput keyboard catchall"
[    67.734] (II) Using input driver 'libinput' for 'AT Translated Set 2 keyboard'
[    67.737] (II) systemd-logind: got fd for /dev/input/event3 13:67 fd 36 paused 0
[    67.737] (**) AT Translated Set 2 keyboard: always reports core events
[    67.737] (**) Option "Device" "/dev/input/event3"
[    67.739] (II) event3  - AT Translated Set 2 keyboard: is tagged by udev as: Keyboard
[    67.739] (II) event3  - AT Translated Set 2 keyboard: device is a keyboard
[    67.740] (II) event3  - AT Translated Set 2 keyboard: device removed
[    67.740] (**) Option "config_info" "udev:/sys/devices/platform/i8042/serio0/input/input3/event3"
[    67.740] (II) XINPUT: Adding extended input device "AT Translated Set 2 keyboard" (type: KEYBOARD, id 13)
[    67.740] (**) Option "xkb_model" "pc105"
[    67.740] (**) Option "xkb_layout" "us"
[    67.742] (II) event3  - AT Translated Set 2 keyboard: is tagged by udev as: Keyboard
[    67.742] (II) event3  - AT Translated Set 2 keyboard: device is a keyboard
[    67.903] (II) modeset(0): EDID vendor "BOE", prod id 1725
[    67.903] (II) modeset(0): Printing DDC gathered Modelines:
[    67.903] (II) modeset(0): Modeline "1366x768"x0.0   72.30  1366 1414 1446 1526  768 771 777 790 +hsync -vsync (47.4 kHz eP)
[    68.020] (II) modeset(0): EDID vendor "BOE", prod id 1725
[    68.020] (II) modeset(0): Printing DDC gathered Modelines:
[    68.020] (II) modeset(0): Modeline "1366x768"x0.0   72.30  1366 1414 1446 1526  768 771 777 790 +hsync -vsync (47.4 kHz eP)
[    68.037] (II) modeset(0): EDID vendor "BOE", prod id 1725
[    68.037] (II) modeset(0): Printing DDC gathered Modelines:
[    68.037] (II) modeset(0): Modeline "1366x768"x0.0   72.30  1366 1414 1446 1526  768 771 777 790 +hsync -vsync (47.4 kHz eP)
[    68.053] (II) modeset(0): EDID vendor "BOE", prod id 1725
[    68.053] (II) modeset(0): Printing DDC gathered Modelines:
[    68.053] (II) modeset(0): Modeline "1366x768"x0.0   72.30  1366 1414 1446 1526  768 771 777 790 +hsync -vsync (47.4 kHz eP)
[    68.070] (II) modeset(0): EDID vendor "BOE", prod id 1725
[    68.070] (II) modeset(0): Printing DDC gathered Modelines:
[    68.070] (II) modeset(0): Modeline "1366x768"x0.0   72.30  1366 1414 1446 1526  768 771 777 790 +hsync -vsync (47.4 kHz eP)
[    68.087] (II) modeset(0): EDID vendor "BOE", prod id 1725
[    68.087] (II) modeset(0): Printing DDC gathered Modelines:
[    68.087] (II) modeset(0): Modeline "1366x768"x0.0   72.30  1366 1414 1446 1526  768 771 777 790 +hsync -vsync (47.4 kHz eP)
[    68.103] (II) modeset(0): EDID vendor "BOE", prod id 1725
[    68.103] (II) modeset(0): Printing DDC gathered Modelines:
[    68.103] (II) modeset(0): Modeline "1366x768"x0.0   72.30  1366 1414 1446 1526  768 771 777 790 +hsync -vsync (47.4 kHz eP)
[    68.137] (II) modeset(0): EDID vendor "BOE", prod id 1725
[    68.137] (II) modeset(0): Printing DDC gathered Modelines:
[    68.137] (II) modeset(0): Modeline "1366x768"x0.0   72.30  1366 1414 1446 1526  768 771 777 790 +hsync -vsync (47.4 kHz eP)
[    82.821] (II) config/udev: Adding input device 2.4G Mouse (/dev/input/mouse2)
[    82.821] (II) No input driver specified, ignoring this device.
[    82.821] (II) This device may have been added with another device file.
[    82.910] (II) config/udev: Adding input device 2.4G Mouse (/dev/input/event17)
[    82.910] (**) 2.4G Mouse: Applying InputClass "libinput pointer catchall"
[    82.910] (II) Using input driver 'libinput' for '2.4G Mouse'
[    82.971] (II) systemd-logind: got fd for /dev/input/event17 13:81 fd 43 paused 0
[    82.971] (**) 2.4G Mouse: always reports core events
[    82.971] (**) Option "Device" "/dev/input/event17"
[    82.977] (II) event17 - 2.4G Mouse: is tagged by udev as: Mouse
[    82.978] (II) event17 - 2.4G Mouse: device is a pointer
[    82.979] (II) event17 - 2.4G Mouse: device removed
[    82.980] (**) Option "config_info" "udev:/sys/devices/pci0000:00/0000:00:15.0/usb1/1-5/1-5:1.0/0003:1EA7:0064.0002/input/input21/event17"
[    82.980] (II) XINPUT: Adding extended input device "2.4G Mouse" (type: MOUSE, id 14)
[    82.980] (**) Option "AccelerationScheme" "none"
[    82.980] (**) 2.4G Mouse: (accel) selected scheme none/0
[    82.980] (**) 2.4G Mouse: (accel) acceleration factor: 2.000
[    82.980] (**) 2.4G Mouse: (accel) acceleration threshold: 4
[    82.986] (II) event17 - 2.4G Mouse: is tagged by udev as: Mouse
[    82.987] (II) event17 - 2.4G Mouse: device is a pointer
[    82.991] (II) config/udev: Adding input device 2.4G Mouse (/dev/input/event16)
[    82.991] (II) No input driver specified, ignoring this device.
[    82.991] (II) This device may have been added with another device file.
